<?xml version="1.0" encoding="UTF-8"?>
<testsuite name="com.letzautomate.TC001" tests="1" skipped="0" failures="0" errors="0" timestamp="2019-12-25T04:32:16" hostname="DESKTOP-OHCHA70" time="21.321">
  <properties/>
  <testcase name="tc001" classname="com.letzautomate.TC001" time="21.321"/>
  <system-out><![CDATA[[TestNG-test=Gradle test-1] INFO  com.letzautomate.pages.generic.SeleniumBasePage  - Before Enter URL
[TestNG-test=Gradle test-1] INFO  com.letzautomate.pages.generic.SeleniumBasePage  - After Enter URL
[TestNG-test=Gradle test-1] INFO  com.letzautomate.pages.generic.SeleniumBasePage  - Before Enter TExt
[TestNG-test=Gradle test-1] INFO  com.letzautomate.pages.generic.SeleniumBasePage  - After Enter TExt
[TestNG-test=Gradle test-1] INFO  com.letzautomate.pages.common.LeanFTBasePage  - Initialize Lean FT SDK with   default configuration.
[TestNG-test=Gradle test-1] INFO  com.letzautomate.pages.common.LeanFTBasePage  - Initialization complete.
]]></system-out>
  <system-err><![CDATA[Starting ChromeDriver 79.0.3945.36 (3582db32b33893869b8c1339e8f4d9ed1816f143-refs/branch-heads/3945@{#614}) on port 30332
Only local connections are allowed.
Please protect ports used by ChromeDriver and related test frameworks to prevent access by malicious code.
[1577248334.337][WARNING]: Timed out connecting to Chrome, retrying...
Dec 25, 2019 10:02:16 AM org.openqa.selenium.remote.ProtocolHandshake createSession
INFO: Detected dialect: W3C
]]></system-err>
</testsuite>
