<?xml version="1.0" encoding="UTF-8"?>
<testsuite name="com.letzautomate.TC002" tests="1" skipped="0" failures="0" errors="0" timestamp="2019-12-25T05:57:03" hostname="DESKTOP-OHCHA70" time="9.327">
  <properties/>
  <testcase name="tc002" classname="com.letzautomate.TC002" time="9.327"/>
  <system-out><![CDATA[[TestNG-test=Gradle test-1] INFO  com.letzautomate.pages.common.LeanFTBasePage  - Initialize Lean FT SDK with   default configuration.
[TestNG-test=Gradle test-1] INFO  com.letzautomate.pages.common.LeanFTBasePage  - Initialization complete.
[TestNG-test=Gradle test-1] INFO  com.letzautomate.pages.common.LeanFTBasePage  - Before click the button :: 6
[TestNG-test=Gradle test-1] INFO  com.letzautomate.pages.common.LeanFTBasePage  - After click the button :: 6
[TestNG-test=Gradle test-1] INFO  com.letzautomate.pages.common.LeanFTBasePage  - Before Closing the window
[TestNG-test=Gradle test-1] INFO  com.letzautomate.pages.common.LeanFTBasePage  - After Closing the window
]]></system-out>
  <system-err><![CDATA[Starting ChromeDriver 79.0.3945.36 (3582db32b33893869b8c1339e8f4d9ed1816f143-refs/branch-heads/3945@{#614}) on port 47942
Only local connections are allowed.
Please protect ports used by ChromeDriver and related test frameworks to prevent access by malicious code.
[1577253421.315][WARNING]: Timed out connecting to Chrome, retrying...
Dec 25, 2019 11:27:03 AM org.openqa.selenium.remote.ProtocolHandshake createSession
INFO: Detected dialect: W3C
]]></system-err>
</testsuite>
